10:29:13.731 [main] TRACE io.netty.channel.nio.NioEventLoop - instrumented a special java.util.Set into: sun.nio.ch.EPollSelectorImpl@68a4dcc6
10:29:13.732 [main] TRACE io.netty.channel.nio.NioEventLoop - instrumented a special java.util.Set into: sun.nio.ch.EPollSelectorImpl@646c0a67
10:29:13.732 [main] TRACE io.netty.channel.nio.NioEventLoop - instrumented a special java.util.Set into: sun.nio.ch.EPollSelectorImpl@3804a9a8
10:29:13.732 [main] TRACE io.netty.channel.nio.NioEventLoop - instrumented a special java.util.Set into: sun.nio.ch.EPollSelectorImpl@117525fe
10:29:13.732 [main] TRACE io.netty.channel.nio.NioEventLoop - instrumented a special java.util.Set into: sun.nio.ch.EPollSelectorImpl@5f7989fa
10:29:13.732 [main] TRACE io.netty.channel.nio.NioEventLoop - instrumented a special java.util.Set into: sun.nio.ch.EPollSelectorImpl@5bc28f40
10:29:13.732 [main] TRACE io.netty.channel.nio.NioEventLoop - instrumented a special java.util.Set into: sun.nio.ch.EPollSelectorImpl@46963479
10:29:13.757 [main] DEBUG io.netty.buffer.PooledByteBufAllocator - -Dio.netty.allocator.numHeapArenas: 16
10:29:13.757 [main] DEBUG io.netty.buffer.PooledByteBufAllocator - -Dio.netty.allocator.numDirectArenas: 16
10:29:13.757 [main] DEBUG io.netty.buffer.PooledByteBufAllocator - -Dio.netty.allocator.pageSize: 8192
10:29:13.757 [main] DEBUG io.netty.buffer.PooledByteBufAllocator - -Dio.netty.allocator.maxOrder: 9
10:29:13.757 [main] DEBUG io.netty.buffer.PooledByteBufAllocator - -Dio.netty.allocator.chunkSize: 4194304
10:29:13.757 [main] DEBUG io.netty.buffer.PooledByteBufAllocator - -Dio.netty.allocator.smallCacheSize: 256
10:29:13.757 [main] DEBUG io.netty.buffer.PooledByteBufAllocator - -Dio.netty.allocator.normalCacheSize: 64
10:29:13.757 [main] DEBUG io.netty.buffer.PooledByteBufAllocator - -Dio.netty.allocator.maxCachedBufferCapacity: 32768
10:29:13.758 [main] DEBUG io.netty.buffer.PooledByteBufAllocator - -Dio.netty.allocator.cacheTrimInterval: 8192
10:29:13.758 [main] DEBUG io.netty.buffer.PooledByteBufAllocator - -Dio.netty.allocator.cacheTrimIntervalMillis: 0
10:29:13.758 [main] DEBUG io.netty.buffer.PooledByteBufAllocator - -Dio.netty.allocator.useCacheForAllThreads: false
10:29:13.758 [main] DEBUG io.netty.buffer.PooledByteBufAllocator - -Dio.netty.allocator.maxCachedByteBuffersPerChunk: 1023
10:29:13.772 [main] DEBUG io.netty.buffer.ByteBufUtil - -Dio.netty.allocator.type: pooled
10:29:13.773 [main] DEBUG io.netty.buffer.ByteBufUtil - -Dio.netty.threadLocalDirectBufferSize: 0
10:29:13.773 [main] DEBUG io.netty.buffer.ByteBufUtil - -Dio.netty.maxThreadLocalCharBufferSize: 16384
10:29:14.111 [Forwarding newSession on session null to remote] DEBUG io.netty.channel.DefaultChannelId - -Dio.netty.processId: 6477 (auto-detected)
10:29:14.114 [Forwarding newSession on session null to remote] DEBUG io.netty.util.NetUtil - -Djava.net.preferIPv4Stack: false
10:29:14.114 [Forwarding newSession on session null to remote] DEBUG io.netty.util.NetUtil - -Djava.net.preferIPv6Addresses: false
10:29:14.116 [Forwarding newSession on session null to remote] DEBUG io.netty.util.NetUtilInitializations - Loopback interface: lo (lo, 0:0:0:0:0:0:0:1%lo)
10:29:14.117 [Forwarding newSession on session null to remote] DEBUG io.netty.util.NetUtil - /proc/sys/net/core/somaxconn: 4096
10:29:14.118 [Forwarding newSession on session null to remote] DEBUG io.netty.channel.DefaultChannelId - -Dio.netty.machineId: 24:ee:9a:ff:fe:1b:ef:8b (auto-detected)
10:29:14.169 [AsyncHttpClient-1-2] DEBUG io.netty.buffer.AbstractByteBuf - -Dio.netty.buffer.checkAccessible: true
10:29:14.170 [AsyncHttpClient-1-2] DEBUG io.netty.buffer.AbstractByteBuf - -Dio.netty.buffer.checkBounds: true
10:29:14.170 [AsyncHttpClient-1-2] DEBUG io.netty.util.ResourceLeakDetectorFactory - Loaded default ResourceLeakDetector: io.netty.util.ResourceLeakDetector@59984d63
10:29:14.188 [AsyncHttpClient-1-2] DEBUG io.netty.util.Recycler - -Dio.netty.recycler.maxCapacityPerThread: 4096
10:29:14.188 [AsyncHttpClient-1-2] DEBUG io.netty.util.Recycler - -Dio.netty.recycler.ratio: 8
10:29:14.188 [AsyncHttpClient-1-2] DEBUG io.netty.util.Recycler - -Dio.netty.recycler.chunkSize: 32
10:29:14.188 [AsyncHttpClient-1-2] DEBUG io.netty.util.Recycler - -Dio.netty.recycler.blocking: false
10:29:14.677 [AsyncHttpClient-1-2] DEBUG io.netty.handler.codec.compression.Brotli - brotli4j not in the classpath; Brotli support will be unavailable.
10:29:14.832 [main] DEBUG io.netty.util.internal.ThreadLocalRandom - -Dio.netty.initialSeedUniquifier: 0xfdc68f297130d03d
10:29:16.775 [main] DEBUG tests.LoginTest - Browser got launched
10:29:17.728 [main] DEBUG tests.LoginTest - Navigated to application URL
10:29:17.861 [main] DEBUG tests.LoginTest - Clicked on My Account dropdown
10:29:18.117 [main] DEBUG tests.LoginTest - Clicked on login option
10:29:18.279 [main] DEBUG tests.LoginTest - Email addressed got entered
10:29:18.403 [main] DEBUG tests.LoginTest - Password got entered
10:29:18.720 [main] DEBUG tests.LoginTest - Clicked on Login Button
10:29:18.809 [main] DEBUG tests.LoginTest - User got logged in
10:29:18.809 [main] INFO  tests.LoginTest - Login Test got passed
10:29:18.885 [main] DEBUG tests.LoginTest - Browser got closed
10:29:19.543 [main] DEBUG tests.LoginTest - Browser got launched
10:29:20.290 [main] DEBUG tests.LoginTest - Navigated to application URL
10:29:20.396 [main] DEBUG tests.LoginTest - Clicked on My Account dropdown
10:29:20.681 [main] DEBUG tests.LoginTest - Clicked on login option
10:29:20.818 [main] DEBUG tests.LoginTest - Email addressed got entered
10:29:20.931 [main] DEBUG tests.LoginTest - Password got entered
10:29:21.235 [main] DEBUG tests.LoginTest - Clicked on Login Button
10:29:31.323 [main] DEBUG tests.LoginTest - User didn't log in
10:29:31.324 [main] INFO  tests.LoginTest - Login Test got passed
10:29:31.397 [main] DEBUG tests.LoginTest - Browser got closed
